<?xml version="1.0" encoding="UTF-8"?>
<testng-results ignored="0" total="1" passed="1" failed="0" skipped="0">
  <reporter-output>
  </reporter-output>
  <suite started-at="2022-11-21T22:09:07 IST" name="Default suite" finished-at="2022-11-21T22:09:08 IST" duration-ms="50">
    <groups>
    </groups>
    <test started-at="2022-11-21T22:09:07 IST" name="Default test" finished-at="2022-11-21T22:09:08 IST" duration-ms="50">
      <class name="com.selenium.demo_test_automation.AppTest">
        <test-method signature="shouldAnswerWithTrue()[pri:0, instance:com.selenium.demo_test_automation.AppTest@759d26fb]" started-at="2022-11-21T22:09:07 IST" name="shouldAnswerWithTrue" finished-at="2022-11-21T22:09:08 IST" duration-ms="10" status="PASS">
          <reporter-output>
          </reporter-output>
        </test-method> <!-- shouldAnswerWithTrue -->
      </class> <!-- com.selenium.demo_test_automation.AppTest -->
    </test> <!-- Default test -->
  </suite> <!-- Default suite -->
</testng-results>
